2021-08-09 12:34:26 info: Listening on port 8888
2021-08-09 12:34:50 error: Error: Can't add new command when connection is in closed state
    at Connection._addCommandClosedState (D:\douzone2021\vscode-projects\react-practices\07 integration\app01.emaillist\node_modules\mysql2\lib\connection.js:148:17)
    at Connection.end (D:\douzone2021\vscode-projects\react-practices\07 integration\app01.emaillist\node_modules\mysql2\lib\connection.js:855:26)
    at Object.findAll (D:\douzone2021\vscode-projects\react-practices\07 integration\app01.emaillist\backend\models\emaillist.js:16:18)
    at processTicksAndRejections (internal/process/task_queues.js:93:5)
    at async readAll (D:\douzone2021\vscode-projects\react-practices\07 integration\app01.emaillist\backend\controllers\emaillist.js:6:29)
2021-08-09 12:51:19 info: Listening on port 8888
2021-08-09 12:51:38 error: Error: Can't add new command when connection is in closed state
    at Connection._addCommandClosedState (D:\douzone2021\vscode-projects\react-practices\07 integration\app01.emaillist\node_modules\mysql2\lib\connection.js:148:17)
    at Connection.end (D:\douzone2021\vscode-projects\react-practices\07 integration\app01.emaillist\node_modules\mysql2\lib\connection.js:855:26)
    at Object.findAll (D:\douzone2021\vscode-projects\react-practices\07 integration\app01.emaillist\backend\models\emaillist.js:16:18)
    at processTicksAndRejections (internal/process/task_queues.js:93:5)
    at async readAll (D:\douzone2021\vscode-projects\react-practices\07 integration\app01.emaillist\backend\controllers\emaillist.js:6:29)
2021-08-09 12:52:45 info: Listening on port 8888
2021-08-09 12:53:02 info: Listening on port 8888
2021-08-09 12:53:50 info: Listening on port 8888
2021-08-09 15:14:02 info: Listening on port 8888
2021-08-09 15:14:27 error: Error: Can't add new command when connection is in closed state
    at Connection._addCommandClosedState (D:\douzone2021\vscode-projects\react-practices\07 integration\app01.emaillist\node_modules\mysql2\lib\connection.js:148:17)
    at Connection.end (D:\douzone2021\vscode-projects\react-practices\07 integration\app01.emaillist\node_modules\mysql2\lib\connection.js:855:26)
    at Object.findAll (D:\douzone2021\vscode-projects\react-practices\07 integration\app01.emaillist\backend\models\emaillist.js:16:18)
    at processTicksAndRejections (internal/process/task_queues.js:93:5)
    at async readAll (D:\douzone2021\vscode-projects\react-practices\07 integration\app01.emaillist\backend\controllers\emaillist.js:6:29)
2021-08-09 15:20:40 info: Listening on port 8888
2021-08-09 15:23:33 error: Error: Can't add new command when connection is in closed state
    at Connection._addCommandClosedState (D:\douzone2021\vscode-projects\react-practices\07 integration\app01.emaillist\node_modules\mysql2\lib\connection.js:148:17)
    at Connection.end (D:\douzone2021\vscode-projects\react-practices\07 integration\app01.emaillist\node_modules\mysql2\lib\connection.js:855:26)
    at Object.findAll (D:\douzone2021\vscode-projects\react-practices\07 integration\app01.emaillist\backend\models\emaillist.js:16:18)
    at processTicksAndRejections (internal/process/task_queues.js:93:5)
    at async readAll (D:\douzone2021\vscode-projects\react-practices\07 integration\app01.emaillist\backend\controllers\emaillist.js:6:29)
2021-08-09 15:23:49 error: Error: Can't add new command when connection is in closed state
    at Connection._addCommandClosedState (D:\douzone2021\vscode-projects\react-practices\07 integration\app01.emaillist\node_modules\mysql2\lib\connection.js:148:17)
    at Connection.end (D:\douzone2021\vscode-projects\react-practices\07 integration\app01.emaillist\node_modules\mysql2\lib\connection.js:855:26)
    at Object.findAll (D:\douzone2021\vscode-projects\react-practices\07 integration\app01.emaillist\backend\models\emaillist.js:16:18)
    at processTicksAndRejections (internal/process/task_queues.js:93:5)
    at async readAll (D:\douzone2021\vscode-projects\react-practices\07 integration\app01.emaillist\backend\controllers\emaillist.js:6:29)
2021-08-09 15:28:05 error: Error: Can't add new command when connection is in closed state
    at Connection._addCommandClosedState (D:\douzone2021\vscode-projects\react-practices\07 integration\app01.emaillist\node_modules\mysql2\lib\connection.js:148:17)
    at Connection.end (D:\douzone2021\vscode-projects\react-practices\07 integration\app01.emaillist\node_modules\mysql2\lib\connection.js:855:26)
    at Object.findAll (D:\douzone2021\vscode-projects\react-practices\07 integration\app01.emaillist\backend\models\emaillist.js:16:18)
    at processTicksAndRejections (internal/process/task_queues.js:93:5)
    at async readAll (D:\douzone2021\vscode-projects\react-practices\07 integration\app01.emaillist\backend\controllers\emaillist.js:6:29)
2021-08-09 15:42:40 info: Listening on port 8888
2021-08-09 15:50:55 error: Error: Can't add new command when connection is in closed state
    at Connection._addCommandClosedState (D:\douzone2021\vscode-projects\react-practices\07 integration\app01.emaillist\node_modules\mysql2\lib\connection.js:148:17)
    at Connection.end (D:\douzone2021\vscode-projects\react-practices\07 integration\app01.emaillist\node_modules\mysql2\lib\connection.js:855:26)
    at Object.findAll (D:\douzone2021\vscode-projects\react-practices\07 integration\app01.emaillist\backend\models\emaillist.js:16:18)
    at processTicksAndRejections (internal/process/task_queues.js:93:5)
    at async readAll (D:\douzone2021\vscode-projects\react-practices\07 integration\app01.emaillist\backend\controllers\emaillist.js:6:29)
2021-08-09 16:04:58 info: Listening on port 8888
2021-08-09 16:05:14 info: Listening on port 8888
2021-08-09 16:05:30 info: Listening on port 8888
2021-08-09 16:09:11 info: Listening on port 8888
2021-08-09 16:09:52 info: Listening on port 8888
2021-08-09 16:09:58 error: Error: Can't add new command when connection is in closed state
    at Connection._addCommandClosedState (D:\douzone2021\vscode-projects\react-practices\07 integration\app01.emaillist\node_modules\mysql2\lib\connection.js:148:17)
    at Connection.end (D:\douzone2021\vscode-projects\react-practices\07 integration\app01.emaillist\node_modules\mysql2\lib\connection.js:855:26)
    at Object.findAll (D:\douzone2021\vscode-projects\react-practices\07 integration\app01.emaillist\backend\models\emaillist.js:16:18)
    at processTicksAndRejections (internal/process/task_queues.js:93:5)
    at async readAll (D:\douzone2021\vscode-projects\react-practices\07 integration\app01.emaillist\backend\controllers\emaillist.js:6:29)
2021-08-09 16:10:46 error: Error: Can't add new command when connection is in closed state
    at Connection._addCommandClosedState (D:\douzone2021\vscode-projects\react-practices\07 integration\app01.emaillist\node_modules\mysql2\lib\connection.js:148:17)
    at Connection.end (D:\douzone2021\vscode-projects\react-practices\07 integration\app01.emaillist\node_modules\mysql2\lib\connection.js:855:26)
    at Object.findAll (D:\douzone2021\vscode-projects\react-practices\07 integration\app01.emaillist\backend\models\emaillist.js:16:18)
    at processTicksAndRejections (internal/process/task_queues.js:93:5)
    at async readAll (D:\douzone2021\vscode-projects\react-practices\07 integration\app01.emaillist\backend\controllers\emaillist.js:6:29)
2021-08-09 16:11:45 info: Listening on port 8888
